#
# A fatal error has been detected by the Java Runtime Environment:
#
#  SIGSEGV (0xb) at pc=0x00007ff077019401, pid=32223, tid=32240
#
# JRE version: OpenJDK Runtime Environment (11.0.6+10) (build 11.0.6+10-post-Ubuntu-1ubuntu118.04.1)
# Java VM: OpenJDK 64-Bit Server VM (11.0.6+10-post-Ubuntu-1ubuntu118.04.1, mixed mode, sharing, tiered, compressed oops, g1 gc, linux-amd64)
# Problematic frame:
# C  [libjimage.so+0x2401]
#
# Core dump will be written. Default location: Core dumps may be processed with "/usr/share/apport/apport %p %s %c %d %P %E" (or dumping to /home/nj286/Desktop/university/university/core.32223)
#
# If you would like to submit a bug report, please visit:
#   https://bugs.launchpad.net/ubuntu/+source/openjdk-lts
#

---------------  S U M M A R Y ------------

Command Line: -agentlib:jdwp=transport=dt_socket,suspend=y,address=localhost:34643 -javaagent:/home/nj286/eclipse/jee-2020-03/eclipse/configuration/org.eclipse.osgi/405/0/.cp/lib/javaagent-shaded.jar -Dfile.encoding=UTF-8 com.dbms.university.UniversityApplication

Host: Intel Core Processor (Broadwell), 2 cores, 15G, Ubuntu 18.04.4 LTS
Time: Sun Apr  5 13:20:00 2020 EDT elapsed time: 538 seconds (0d 0h 8m 58s)

---------------  T H R E A D  ---------------

Current thread (0x00007ff07c5a6800):  JavaThread "Signal Dispatcher" daemon [_thread_in_vm, id=32240, stack(0x00007ff05c899000,0x00007ff05c99a000)]

Stack: [0x00007ff05c899000,0x00007ff05c99a000],  sp=0x00007ff05c997140,  free space=1016k
Native frames: (J=compiled Java code, A=aot compiled Java code, j=interpreted, Vv=VM code, C=native code)
C  [libjimage.so+0x2401]
C  [libjimage.so+0x30ea]
C  [libjimage.so+0x35c6]  JIMAGE_FindResource+0xd6
V  [libjvm.so+0x59098e]
V  [libjvm.so+0x5936f0]
V  [libjvm.so+0xd49c05]
V  [libjvm.so+0xd4759a]
V  [libjvm.so+0xd4a192]
V  [libjvm.so+0x644c4d]
V  [libjvm.so+0x839b0c]
j  jdk.internal.misc.Signal.dispatch(I)V+25 java.base@11.0.6
v  ~StubRoutines::call_stub
V  [libjvm.so+0x8493b9]
V  [libjvm.so+0x8481a5]
V  [libjvm.so+0xbbdaac]
V  [libjvm.so+0xd83203]
V  [libjvm.so+0xd834d5]
V  [libjvm.so+0xd7f20a]
V  [libjvm.so+0xbcf1fe]

Java frames: (J=compiled Java code, j=interpreted, Vv=VM code)
j  jdk.internal.misc.Signal.dispatch(I)V+25 java.base@11.0.6
v  ~StubRoutines::call_stub

siginfo: si_signo: 11 (SIGSEGV), si_code: 1 (SEGV_MAPERR), si_addr: 0x00007ff06e932df8

Register to memory mapping:

RAX=0x0000000000002f77 is an unknown value
RBX=0x00007ff05c9971f1 is pointing into the stack for thread: 0x00007ff07c5a6800
RCX=0x00007ff06e92701c is an unknown value
RDX=0x0000000000002f77 is an unknown value
RSP=0x00007ff05c997140 is pointing into the stack for thread: 0x00007ff07c5a6800
RBP=0x00007ff05c997160 is pointing into the stack for thread: 0x00007ff07c5a6800
RSI=0x00007ff05c9971f0 is pointing into the stack for thread: 0x00007ff07c5a6800
RDI=0x00007ff07721c130: <offset 0x0000000000205130> in /usr/lib/jvm/java-11-openjdk-amd64/lib/libjimage.so at 0x00007ff077017000
R8 =0x0 is NULL
R9 =0x0000000076100fa4 is an unknown value
R10=0x00007ff05c997213 is pointing into the stack for thread: 0x00007ff07c5a6800
R11=0x00007ff0853ea4c0: <offset 0x00000000001af4c0> in /lib/x86_64-linux-gnu/libc.so.6 at 0x00007ff08523b000
R12=0x00007ff05c9971f0 is pointing into the stack for thread: 0x00007ff07c5a6800
R13=0x00000000000083a0 is an unknown value
R14=0x00007ff05c998288 is pointing into the stack for thread: 0x00007ff07c5a6800
R15=0x00007ff07c5a7480 points into unknown readable memory: 6a 64 6b 2f 69 6e 74 65


Registers:
RAX=0x0000000000002f77, RBX=0x00007ff05c9971f1, RCX=0x00007ff06e92701c, RDX=0x0000000000002f77
RSP=0x00007ff05c997140, RBP=0x00007ff05c997160, RSI=0x00007ff05c9971f0, RDI=0x00007ff07721c130
R8 =0x0000000000000000, R9 =0x0000000076100fa4, R10=0x00007ff05c997213, R11=0x00007ff0853ea4c0
R12=0x00007ff05c9971f0, R13=0x00000000000083a0, R14=0x00007ff05c998288, R15=0x00007ff07c5a7480
RIP=0x00007ff077019401, EFLAGS=0x0000000000010246, CSGSFS=0x002b000000000033, ERR=0x0000000000000004
  TRAPNO=0x000000000000000e

Top of Stack: (sp=0x00007ff05c997140)
0x00007ff05c997140:   0000000000000000 00007ff07c3a8040
0x00007ff05c997150:   0000000000000000 00007ff05c9971f0
0x00007ff05c997160:   00007ff05c9971d0 00007ff07701a0ea
0x00007ff05c997170:   0000000000000000 0000000000000000 

Instructions: (pc=0x00007ff077019401)
0x00007ff077019301:   c5 4c 01 e3 48 89 ce e8 d3 f3 ff ff e9 69 fd ff
0x00007ff077019311:   ff 89 d1 0f b7 74 08 fe 66 41 89 74 0e fe e9 7a
0x00007ff077019321:   fe ff ff 0f 1f 40 00 8b 08 49 8d 1c 16 41 89 0e
0x00007ff077019331:   89 d1 8b 74 08 fc 41 89 74 0e fc 48 8d 34 10 48
0x00007ff077019341:   89 75 b8 e9 0b fe ff ff 0f 1f 80 00 00 00 00 0f
0x00007ff077019351:   b6 17 55 89 f0 48 89 e5 84 d2 74 22 48 8d 4f 01
0x00007ff077019361:   0f 1f 80 00 00 00 00 48 